<?xml version="1.0" encoding="UTF-8"?>
<testsuite name="com.phonebook.tests.CreateAccountTests" tests="1" skipped="0" failures="0" errors="0" timestamp="2023-06-27T15:48:52" hostname="DESKTOP-MIE8JAS" time="1.506">
  <properties/>
  <testcase name="existedUserRegistrationNegativeTest" classname="com.phonebook.tests.CreateAccountTests" time="1.506"/>
  <system-out><![CDATA[17:48:41.850 [Test worker] INFO  com.phonebook.tests.TestBase -- Start test existedUserRegistrationNegativeTest with data: []
17:48:53.535 [Test worker] INFO  com.phonebook.tests.TestBase -- PASSED: existedUserRegistrationNegativeTest
17:48:53.536 [Test worker] INFO  com.phonebook.tests.TestBase -- Stop test
17:48:53.537 [Test worker] INFO  com.phonebook.tests.TestBase -- ==================================================
]]></system-out>
  <system-err><![CDATA[]]></system-err>
</testsuite>
