<?xml version="1.0" encoding="UTF-8"?>
<testsuite name="com.phonebook.tests.RemoveContactTests" tests="1" skipped="0" failures="0" errors="0" timestamp="2023-06-27T15:49:06" hostname="DESKTOP-MIE8JAS" time="11.603">
  <properties/>
  <testcase name="removeContactTest" classname="com.phonebook.tests.RemoveContactTests" time="11.603"/>
  <system-out><![CDATA[17:49:03.669 [Test worker] INFO  com.phonebook.tests.TestBase -- Start test removeContactTest with data: []
17:49:18.284 [Test worker] INFO  com.phonebook.tests.TestBase -- PASSED: removeContactTest
17:49:18.285 [Test worker] INFO  com.phonebook.tests.TestBase -- Stop test
17:49:18.286 [Test worker] INFO  com.phonebook.tests.TestBase -- ==================================================
]]></system-out>
  <system-err><![CDATA[]]></system-err>
</testsuite>
