<?xml version="1.0" encoding="UTF-8"?>
<testsuite name="com.phonebook.tests.LoginTests" tests="2" skipped="0" failures="0" errors="0" timestamp="2023-06-27T15:49:28" hostname="DESKTOP-MIE8JAS" time="12.834">
  <properties/>
  <testcase name="loginPositiveTest" classname="com.phonebook.tests.LoginTests" time="1.092"/>
  <testcase name="loginNegativeWithoutPasswordTest" classname="com.phonebook.tests.LoginTests" time="1.276"/>
  <system-out><![CDATA[17:49:28.581 [Test worker] INFO  com.phonebook.tests.TestBase -- Start test loginPositiveTest with data: []
17:49:29.758 [Test worker] INFO  com.phonebook.tests.TestBase -- PASSED: loginPositiveTest
17:49:29.758 [Test worker] INFO  com.phonebook.tests.TestBase -- Stop test
17:49:29.758 [Test worker] INFO  com.phonebook.tests.TestBase -- ==================================================
17:49:29.761 [Test worker] INFO  com.phonebook.tests.TestBase -- Start test loginNegativeWithoutPasswordTest with data: []
17:49:41.506 [Test worker] INFO  com.phonebook.tests.TestBase -- PASSED: loginNegativeWithoutPasswordTest
17:49:41.508 [Test worker] INFO  com.phonebook.tests.TestBase -- Stop test
17:49:41.515 [Test worker] INFO  com.phonebook.tests.TestBase -- ==================================================
]]></system-out>
  <system-err><![CDATA[]]></system-err>
</testsuite>
